17:31:56 **** Incremental Build of configuration Default for project Lab1-Buttons ****
xmake CONFIG=Default all 
Checking build modules
No build modules used.
Analyzing main.xc
Creating dependencies for main.xc
Compiling main.xc
Creating Lab1-Buttons.xe
Build Complete
17:31:59 **** Incremental Build of configuration Default for project Lab1-Buttons ****
xmake CONFIG=Default all 
Checking build modules
No build modules used.
xmake[1]: `bin//Lab1-Buttons.xe' is up to date.
Build Complete
17:34:11 **** Incremental Build of configuration Default for project Lab1-Buttons ****
xmake CONFIG=Default all 
Checking build modules
No build modules used.
Analyzing main.xc
../main.xc:53:9: warning: unused variable `count' [-Wunused-variable]
    int count = 1;
        ^~~~~
Creating dependencies for main.xc
Compiling main.xc
../main.xc:53:9: warning: unused variable `count' [-Wunused-variable]
    int count = 1;
        ^~~~~
Creating Lab1-Buttons.xe
Build Complete
